Connecting to database specified by database.yml


Started GET "/" for 127.0.0.1 at 2014-08-16 14:43:01 -0400
Processing by UsersController#new as HTML
  Rendered users/_form.html.erb (12.3ms)
  Rendered users/new.html.erb within layouts/application (19.2ms)
Completed 200 OK in 128.9ms (Views: 54.1ms | ActiveRecord: 7.5ms)


Started GET "/assets/pages.css?body=1" for 127.0.0.1 at 2014-08-16 14:43:02 -0400
Served asset /pages.css - 304 Not Modified (2ms)


Started GET "/assets/scaffolds.css?body=1" for 127.0.0.1 at 2014-08-16 14:43:02 -0400
Served asset /scaffolds.css - 304 Not Modified (2ms)


Started GET "/assets/pages.js?body=1" for 127.0.0.1 at 2014-08-16 14:43:02 -0400
Served asset /pages.js - 304 Not Modified (2ms)


Started GET "/assets/jquery.js?body=1" for 127.0.0.1 at 2014-08-16 14:43:02 -0400
Served asset /jquery.js - 304 Not Modified (6ms)


Started GET "/assets/jquery_ujs.js?body=1" for 127.0.0.1 at 2014-08-16 14:43:02 -0400
Served asset /jquery_ujs.js - 304 Not Modified (2ms)


Started GET "/assets/application.css?body=1" for 127.0.0.1 at 2014-08-16 14:43:02 -0400
Served asset /application.css - 304 Not Modified (2ms)


Started GET "/assets/application.js?body=1" for 127.0.0.1 at 2014-08-16 14:43:02 -0400
Served asset /application.js - 304 Not Modified (3ms)
Connecting to database specified by database.yml


Started GET "/" for 127.0.0.1 at 2014-08-16 15:36:23 -0400
Processing by UsersController#new as HTML
  Rendered users/_form.html.erb (3.4ms)
  Rendered users/new.html.erb within layouts/application (4.9ms)
Completed 200 OK in 18.9ms (Views: 12.4ms | ActiveRecord: 0.4ms)


Started GET "/assets/pages.js?body=1" for 127.0.0.1 at 2014-08-16 15:36:23 -0400
Served asset /pages.js - 304 Not Modified (0ms)


Started GET "/assets/jquery.js?body=1" for 127.0.0.1 at 2014-08-16 15:36:23 -0400
Served asset /jquery.js - 304 Not Modified (0ms)


Started GET "/assets/scaffolds.css?body=1" for 127.0.0.1 at 2014-08-16 15:36:23 -0400
Served asset /scaffolds.css - 304 Not Modified (2ms)


Started GET "/assets/jquery_ujs.js?body=1" for 127.0.0.1 at 2014-08-16 15:36:23 -0400
Served asset /jquery_ujs.js - 304 Not Modified (0ms)


Started GET "/assets/pages.css?body=1" for 127.0.0.1 at 2014-08-16 15:36:23 -0400
Served asset /pages.css - 304 Not Modified (0ms)


Started GET "/assets/application.js?body=1" for 127.0.0.1 at 2014-08-16 15:36:23 -0400
Served asset /application.js - 304 Not Modified (0ms)


Started GET "/assets/application.css?body=1" for 127.0.0.1 at 2014-08-16 15:36:23 -0400
Served asset /application.css - 304 Not Modified (0ms)


Started POST "/users" for 127.0.0.1 at 2014-08-16 15:37:22 -0400
Processing by UsersController#create as HTML
  Parameters: {"utf8"=>"✓", "authenticity_token"=>"dPtSVEApmRthyrTOmAr6+DbsjA3ck6w8vCeBWwoLN6E=", "user"=>{"name"=>"ariel", "email"=>"ariel.isaacs@gmail.com", "phone"=>"+14154257945"}, "commit"=>"Create User"}
  [1m[36m (0.1ms)[0m  [1mbegin transaction[0m
  [1m[35mUser Exists (0.2ms)[0m  SELECT 1 AS one FROM "users" WHERE "users"."email" = 'ariel.isaacs@gmail.com' LIMIT 1
  [1m[36mUser Exists (0.1ms)[0m  [1mSELECT 1 AS one FROM "users" WHERE "users"."phone" = '+14154257945' LIMIT 1[0m
  [1m[35mSQL (6.3ms)[0m  INSERT INTO "users" ("created_at", "email", "name", "phone", "updated_at", "verified") VALUES (?, ?, ?, ?, ?, ?)  [["created_at", Sat, 16 Aug 2014 19:37:22 UTC +00:00], ["email", "ariel.isaacs@gmail.com"], ["name", "ariel"], ["phone", "+14154257945"], ["updated_at", Sat, 16 Aug 2014 19:37:22 UTC +00:00], ["verified", nil]]
  [1m[36m (6.5ms)[0m  [1mcommit transaction[0m
Completed 406 Not Acceptable in 18226.0ms (ActiveRecord: 13.2ms)
Connecting to database specified by database.yml
Connecting to database specified by database.yml
Connecting to database specified by database.yml
  [1m[36m (0.4ms)[0m  [1mSELECT "schema_migrations"."version" FROM "schema_migrations" [0m
Migrating to CreateUsers (20140816142923)
Migrating to RemovePasswordFromUsers (20140816143401)
Migrating to CreateWicrules (20140816201446)
  [1m[35m (0.1ms)[0m  select sqlite_version(*)
  [1m[36m (0.1ms)[0m  [1mbegin transaction[0m
  [1m[35m (0.1ms)[0m  rollback transaction
Connecting to database specified by database.yml
  [1m[36m (0.1ms)[0m  [1mSELECT "schema_migrations"."version" FROM "schema_migrations" [0m
Migrating to CreateUsers (20140816142923)
Migrating to RemovePasswordFromUsers (20140816143401)
Migrating to CreateWicrules (20140816201446)
  [1m[35m (0.1ms)[0m  select sqlite_version(*)
  [1m[36m (0.1ms)[0m  [1mbegin transaction[0m
  [1m[35m (0.0ms)[0m  rollback transaction
Connecting to database specified by database.yml
  [1m[36m (0.4ms)[0m  [1mSELECT "schema_migrations"."version" FROM "schema_migrations" [0m
Migrating to CreateUsers (20140816142923)
Migrating to RemovePasswordFromUsers (20140816143401)
Migrating to CreateWicrules (20140816201446)
  [1m[35m (0.1ms)[0m  select sqlite_version(*)
  [1m[36m (0.1ms)[0m  [1mbegin transaction[0m
  [1m[35m (0.1ms)[0m  rollback transaction
Connecting to database specified by database.yml
  [1m[36m (0.4ms)[0m  [1mSELECT "schema_migrations"."version" FROM "schema_migrations" [0m
Migrating to CreateUsers (20140816142923)
Migrating to RemovePasswordFromUsers (20140816143401)
Migrating to CreateWicrules (20140816201446)
  [1m[35m (0.1ms)[0m  select sqlite_version(*)
  [1m[36m (0.1ms)[0m  [1mbegin transaction[0m
  [1m[35m (2.6ms)[0m  CREATE TABLE "wicrules" ("id" INTEGER PRIMARY KEY AUTOINCREMENT NOT NULL, "product" varchar(255), "brand" varchar(255), "allowed" text, "disallowed" text, "size" text, "units" varchar(255), "notes" varchar(255)) 
  [1m[36m (0.5ms)[0m  [1mINSERT INTO "schema_migrations" ("version") VALUES ('20140816201446')[0m
  [1m[35m (7.7ms)[0m  commit transaction
  [1m[36m (0.1ms)[0m  [1mSELECT "schema_migrations"."version" FROM "schema_migrations" [0m
Connecting to database specified by database.yml
Connecting to database specified by database.yml
  [1m[36m (0.5ms)[0m  [1mSELECT "schema_migrations"."version" FROM "schema_migrations" [0m
Migrating to CreateUsers (20140816142923)
Migrating to RemovePasswordFromUsers (20140816143401)
Migrating to CreateWicrules (20140816201446)
Migrating to CreateKnownItems (20140816202941)
  [1m[35m (0.1ms)[0m  select sqlite_version(*)
  [1m[36m (0.1ms)[0m  [1mbegin transaction[0m
  [1m[35m (0.1ms)[0m  rollback transaction
Connecting to database specified by database.yml
  [1m[36m (0.1ms)[0m  [1mSELECT "schema_migrations"."version" FROM "schema_migrations" [0m
Migrating to CreateUsers (20140816142923)
Migrating to RemovePasswordFromUsers (20140816143401)
Migrating to CreateWicrules (20140816201446)
Migrating to CreateKnownItems (20140816202941)
  [1m[35m (0.1ms)[0m  select sqlite_version(*)
  [1m[36m (0.1ms)[0m  [1mbegin transaction[0m
  [1m[35m (0.1ms)[0m  rollback transaction
Connecting to database specified by database.yml
  [1m[36m (0.3ms)[0m  [1mSELECT "schema_migrations"."version" FROM "schema_migrations" [0m
Migrating to CreateUsers (20140816142923)
Migrating to RemovePasswordFromUsers (20140816143401)
Migrating to CreateWicrules (20140816201446)
Migrating to CreateKnownItems (20140816202941)
  [1m[35m (0.1ms)[0m  select sqlite_version(*)
  [1m[36m (0.1ms)[0m  [1mbegin transaction[0m
  [1m[35m (4.6ms)[0m  CREATE TABLE "known_items" ("id" INTEGER PRIMARY KEY AUTOINCREMENT NOT NULL, "upc" varchar(255), "wic_score" float, "wic_notes" varchar(255), "allergens" text, "positives" text, "size" varchar(255)) 
  [1m[36m (1.2ms)[0m  [1mINSERT INTO "schema_migrations" ("version") VALUES ('20140816202941')[0m
  [1m[35m (0.9ms)[0m  commit transaction
  [1m[36m (0.1ms)[0m  [1mSELECT "schema_migrations"."version" FROM "schema_migrations" [0m
Connecting to database specified by database.yml
Connecting to database specified by database.yml
Connecting to database specified by database.yml
